<?xml version="1.0" encoding="UTF-8"?>
<!-- Generated by org.testng.reporters.JUnitXMLReporter -->
<testsuite ignored="0" hostname="LAPTOP-4EVELK3N" failures="0" tests="5" name="Default test" time="76.776" errors="0" timestamp="2024-03-02T01:41:49 EST">
  <testcase classname="com.tutorialsninja.TestCases.LoginTest" name="verifyLoginWithValidCredentials" time="1.342"/>
  <testcase classname="com.tutorialsninja.TestCases.LoginTest" name="verifyLoginWithInvalidCredentials" time="1.79"/>
  <testcase classname="com.tutorialsninja.TestCases.LoginTest" name="verifyLoginWithValidEmailInvalidPassword" time="0.909"/>
  <testcase classname="com.tutorialsninja.TestCases.LoginTest" name="verifyLoginWithInvalidEmailValidPassword" time="0.817"/>
  <testcase classname="com.tutorialsninja.TestCases.LoginTest" name="verifyLoginWithNoCredentials" time="1.263"/>
</testsuite> <!-- Default test -->
